2018-10-31 12:58:54 +0000  Initial pipeline context: <IDEDistributionProcessingPipelineContext: 0x7fb2137b6710; archive(resolved)='<IDEArchive: 0x7fb213f02690>', distributionTask(resolved)='2', distributionDestination(resolved)='1', distributionMethod(resolved)='<IDEDistributionMethodiOSAppStoreDistribution: 0x7fb22bb80df0>', team(resolved)='<IDEProvisioningDisambiguatableBasicTeam: 0x7fb22bfd5ec0; teamID='57N9PCQ9TU', teamName='Edgar Reyes', teamType='Individual', username='info@totalcreations.com', isFreeProvisioningTeam='0'>'>
	Chain (12, self inclusive):
	<IDEDistributionProcessingPipelineContext: 0x7fb2137b6710; archive = '<IDEArchive: 0x7fb213f02690>', distributionMethod='<IDEDistributionMethodiOSAppStoreDistribution: 0x7fb22bb80df0>', team='<IDEProvisioningDisambiguatableBasicTeam: 0x7fb22bfd5ec0; teamID='57N9PCQ9TU', teamName='Edgar Reyes', teamType='Individual', username='info@totalcreations.com', isFreeProvisioningTeam='0'>'>
	<IDEDistributionProcessingPipelineContext: 0x7fb2273ac980; archive = '<IDEArchive: 0x7fb213f02690>', distributionMethod='<IDEDistributionMethodiOSAppStoreDistribution: 0x7fb22bb80df0>', team='<IDEProvisioningDisambiguatableBasicTeam: 0x7fb22bfd5ec0; teamID='57N9PCQ9TU', teamName='Edgar Reyes', teamType='Individual', username='info@totalcreations.com', isFreeProvisioningTeam='0'>'>
	<IDEDistributionContext: 0x7fb21abf3ca0; archive = '<IDEArchive: 0x7fb213f02690>', distributionMethod='<IDEDistributionMethodiOSAppStoreDistribution: 0x7fb22bb80df0>', team='<IDEProvisioningDisambiguatableBasicTeam: 0x7fb22bfd5ec0; teamID='57N9PCQ9TU', teamName='Edgar Reyes', teamType='Individual', username='info@totalcreations.com', isFreeProvisioningTeam='0'>'>
	<IDEDistributionContext: 0x7fb2125d8670; archive = '<IDEArchive: 0x7fb213f02690>', distributionMethod='<IDEDistributionMethodiOSAppStoreDistribution: 0x7fb22bb80df0>', team='<IDEProvisioningDisambiguatableBasicTeam: 0x7fb22bfd5ec0; teamID='57N9PCQ9TU', teamName='Edgar Reyes', teamType='Individual', username='info@totalcreations.com', isFreeProvisioningTeam='0'>'>
	<IDEDistributionContext: 0x7fb22cc47e40; archive = '<IDEArchive: 0x7fb213f02690>', distributionMethod='<IDEDistributionMethodiOSAppStoreDistribution: 0x7fb22bb80df0>', team='<IDEProvisioningDisambiguatableBasicTeam: 0x7fb22bfd5ec0; teamID='57N9PCQ9TU', teamName='Edgar Reyes', teamType='Individual', username='info@totalcreations.com', isFreeProvisioningTeam='0'>'>
	<IDEDistributionContext: 0x7fb21a81a620; archive = '<IDEArchive: 0x7fb213f02690>', distributionMethod='<IDEDistributionMethodiOSAppStoreDistribution: 0x7fb22bb80df0>', team='<IDEProvisioningDisambiguatableBasicTeam: 0x7fb22bfd5ec0; teamID='57N9PCQ9TU', teamName='Edgar Reyes', teamType='Individual', username='info@totalcreations.com', isFreeProvisioningTeam='0'>'>
	<IDEDistributionContext: 0x7fb21a892840; archive = '<IDEArchive: 0x7fb213f02690>', distributionMethod='<IDEDistributionMethodiOSAppStoreDistribution: 0x7fb22bb80df0>', team='<IDEProvisioningDisambiguatableBasicTeam: 0x7fb22bfd5ec0; teamID='57N9PCQ9TU', teamName='Edgar Reyes', teamType='Individual', username='info@totalcreations.com', isFreeProvisioningTeam='0'>'>
	<IDEDistributionContext: 0x7fb2156a13b0; archive = '<IDEArchive: 0x7fb213f02690>', distributionMethod='<IDEDistributionMethodiOSAppStoreDistribution: 0x7fb22bb80df0>', team='<IDEProvisioningDisambiguatableBasicTeam: 0x7fb22bfd5ec0; teamID='57N9PCQ9TU', teamName='Edgar Reyes', teamType='Individual', username='info@totalcreations.com', isFreeProvisioningTeam='0'>'>
	<IDEDistributionContext: 0x7fb213c63b00; archive = '<IDEArchive: 0x7fb213f02690>', distributionMethod='<IDEDistributionMethodiOSAppStoreDistribution: 0x7fb22bb80df0>', team='<IDEProvisioningDisambiguatableBasicTeam: 0x7fb22bfd5ec0; teamID='57N9PCQ9TU', teamName='Edgar Reyes', teamType='Individual', username='info@totalcreations.com', isFreeProvisioningTeam='0'>'>
	<IDEDistributionContext: 0x7fb21a965d40; archive = '<IDEArchive: 0x7fb213f02690>', distributionMethod='<IDEDistributionMethodiOSAppStoreDistribution: 0x7fb22bb80df0>', team='(null)'>
	<IDEDistributionContext: 0x7fb2108a9800; archive = '<IDEArchive: 0x7fb213f02690>', distributionMethod='<IDEDistributionMethodiOSAppStoreDistribution: 0x7fb22bb80df0>', team='(null)'>
	<IDEDistributionContext: 0x7fb217b112c0; archive = '<IDEArchive: 0x7fb213f02690>', distributionMethod='(null)', team='(null)'>
</IDEDistributionProcessingPipelineContext: 0x7fb2137b6710>
2018-10-31 12:58:54 +0000  Processing step: IDEDistributionCreateDestRootStep
2018-10-31 12:58:54 +0000  Processing step: IDEDistributionCopyItemStep
2018-10-31 12:58:54 +0000  Running /usr/bin/ditto '-V' '/Users/user/Library/Developer/Xcode/Archives/2018-10-31/LandShark 10-31-18, 2.58 PM.xcarchive/Products/Applications/LandShark.app' '/var/folders/60/xkprtcmx627gj488qsc834h40000gn/T/XcodeDistPipeline.NE7/Root/Payload/LandShark.app'
2018-10-31 12:58:54 +0000  >>> Copying /Users/user/Library/Developer/Xcode/Archives/2018-10-31/LandShark 10-31-18, 2.58 PM.xcarchive/Products/Applications/LandShark.app 
2018-10-31 12:58:54 +0000  copying file ./_CodeSignature/CodeResources ... 
2018-10-31 12:58:54 +0000  22985 bytes for ./_CodeSignature/CodeResources
2018-10-31 12:58:54 +0000  copying file ./Octicons.ttf ... 
2018-10-31 12:58:54 +0000  27520 bytes for ./Octicons.ttf
2018-10-31 12:58:54 +0000  copying file ./Feather.ttf ... 
2018-10-31 12:58:54 +0000  55288 bytes for ./Feather.ttf
2018-10-31 12:58:54 +0000  copying file ./Roboto_medium.ttf ... 
2018-10-31 12:58:54 +0000  137308 bytes for ./Roboto_medium.ttf
2018-10-31 12:58:54 +0000  copying file ./AppIcon20x20@2x.png ... 
2018-10-31 12:58:54 +0000  5022 bytes for ./AppIcon20x20@2x.png
2018-10-31 12:58:54 +0000  copying file ./Entypo.ttf ... 
2018-10-31 12:58:54 +0000  65584 bytes for ./Entypo.ttf
2018-10-31 12:58:54 +0000  copying file ./AppIcon20x20@3x.png ... 
2018-10-31 12:58:54 +0000  10236 bytes for ./AppIcon20x20@3x.png
2018-10-31 12:58:54 +0000  copying file ./MaterialCommunityIcons.ttf ... 
2018-10-31 12:58:54 +0000  322456 bytes for ./MaterialCommunityIcons.ttf
2018-10-31 12:58:54 +0000  copying file ./AppIcon60x60@2x.png ... 
2018-10-31 12:58:54 +0000  33269 bytes for ./AppIcon60x60@2x.png
2018-10-31 12:58:54 +0000  copying file ./AppIcon29x29@2x.png ... 
9739 bytes for ./AppIcon29x29@2x.png
copying file ./AppIcon40x40@3x.png ... 
2018-10-31 12:58:54 +0000  33269 bytes for ./AppIcon40x40@3x.png
2018-10-31 12:58:54 +0000  copying file ./LandShark ... 
2018-10-31 12:58:54 +0000  34644304 bytes for ./LandShark
2018-10-31 12:58:54 +0000  copying file ./Foundation.ttf ... 
2018-10-31 12:58:54 +0000  56976 bytes for ./Foundation.ttf
2018-10-31 12:58:54 +0000  copying file ./AppIcon29x29~ipad.png ... 
2018-10-31 12:58:54 +0000  2851 bytes for ./AppIcon29x29~ipad.png
2018-10-31 12:58:54 +0000  copying file ./Ionicons.ttf ... 
2018-10-31 12:58:54 +0000  143936 bytes for ./Ionicons.ttf
2018-10-31 12:58:54 +0000  copying file ./AppIcon40x40@2x.png ... 
2018-10-31 12:58:54 +0000  16997 bytes for ./AppIcon40x40@2x.png
2018-10-31 12:58:54 +0000  copying file ./AppIcon29x29@3x.png ... 
2018-10-31 12:58:54 +0000  19408 bytes for ./AppIcon29x29@3x.png
2018-10-31 12:58:54 +0000  copying file ./AppIcon60x60@3x.png ... 
2018-10-31 12:58:54 +0000  64414 bytes for ./AppIcon60x60@3x.png
2018-10-31 12:58:54 +0000  copying file ./rubicon-icon-font.ttf ... 
2018-10-31 12:58:54 +0000  10208 bytes for ./rubicon-icon-font.ttf
2018-10-31 12:58:54 +0000  copying file ./Base.lproj/LaunchScreen.nib ... 
2018-10-31 12:58:54 +0000  1287 bytes for ./Base.lproj/LaunchScreen.nib
2018-10-31 12:58:54 +0000  copying file ./FontAwesome.ttf ... 
2018-10-31 12:58:54 +0000  165548 bytes for ./FontAwesome.ttf
2018-10-31 12:58:54 +0000  copying file ./Zocial.ttf ... 
2018-10-31 12:58:54 +0000  25552 bytes for ./Zocial.ttf
2018-10-31 12:58:54 +0000  copying file ./Roboto.ttf ... 
2018-10-31 12:58:54 +0000  145348 bytes for ./Roboto.ttf
2018-10-31 12:58:54 +0000  copying file ./Assets.car ... 
2018-10-31 12:58:54 +0000  3659400 bytes for ./Assets.car
copying file ./AppIcon40x40@2x~ipad.png ... 
2018-10-31 12:58:54 +0000  16997 bytes for ./AppIcon40x40@2x~ipad.png
copying file ./EvilIcons.ttf ... 
2018-10-31 12:58:54 +0000  13128 bytes for ./EvilIcons.ttf
2018-10-31 12:58:54 +0000  copying file ./AppIcon76x76@2x~ipad.png ... 
2018-10-31 12:58:54 +0000  49060 bytes for ./AppIcon76x76@2x~ipad.png
2018-10-31 12:58:54 +0000  copying file ./main.jsbundle ... 
2018-10-31 12:58:54 +0000  1908266 bytes for ./main.jsbundle
2018-10-31 12:58:54 +0000  copying file ./AppIcon83.5x83.5@2x~ipad.png ... 
2018-10-31 12:58:54 +0000  57312 bytes for ./AppIcon83.5x83.5@2x~ipad.png
2018-10-31 12:58:54 +0000  copying file ./LaunchImage-700-568h@2x.png ... 
2018-10-31 12:58:54 +0000  14942 bytes for ./LaunchImage-700-568h@2x.png
2018-10-31 12:58:54 +0000  copying file ./AppIcon29x29@2x~ipad.png ... 
2018-10-31 12:58:54 +0000  9739 bytes for ./AppIcon29x29@2x~ipad.png
2018-10-31 12:58:54 +0000  copying file ./AppIcon40x40~ipad.png ... 
2018-10-31 12:58:54 +0000  5022 bytes for ./AppIcon40x40~ipad.png
2018-10-31 12:58:54 +0000  copying file ./AppIcon20x20~ipad.png ... 
2018-10-31 12:58:54 +0000  1496 bytes for ./AppIcon20x20~ipad.png
copying file ./SimpleLineIcons.ttf ... 
2018-10-31 12:58:54 +0000  54056 bytes for ./SimpleLineIcons.ttf
2018-10-31 12:58:54 +0000  copying file ./embedded.mobileprovision ... 
2018-10-31 12:58:54 +0000  9535 bytes for ./embedded.mobileprovision
2018-10-31 12:58:54 +0000  copying file ./assets/node_modules/react-navigation-stack/dist/views/assets/back-icon@3x.png ... 
2018-10-31 12:58:54 +0000  761 bytes for ./assets/node_modules/react-navigation-stack/dist/views/assets/back-icon@3x.png
2018-10-31 12:58:54 +0000  copying file ./assets/node_modules/react-navigation-stack/dist/views/assets/back-icon@2x.png ... 
2018-10-31 12:58:54 +0000  405 bytes for ./assets/node_modules/react-navigation-stack/dist/views/assets/back-icon@2x.png
2018-10-31 12:58:54 +0000  copying file ./assets/node_modules/react-navigation-stack/dist/views/assets/back-icon.png ... 
2018-10-31 12:58:54 +0000  290 bytes for ./assets/node_modules/react-navigation-stack/dist/views/assets/back-icon.png
2018-10-31 12:58:54 +0000  copying file ./assets/node_modules/react-navigation-stack/dist/views/assets/back-icon-mask.png ... 
2018-10-31 12:58:54 +0000  659 bytes for ./assets/node_modules/react-navigation-stack/dist/views/assets/back-icon-mask.png
2018-10-31 12:58:54 +0000  copying file ./assets/assets/img/login_background.jpg ... 
2018-10-31 12:58:54 +0000  111901 bytes for ./assets/assets/img/login_background.jpg
2018-10-31 12:58:54 +0000  copying file ./assets/assets/img/eagle.jpg ... 
2018-10-31 12:58:54 +0000  80929 bytes for ./assets/assets/img/eagle.jpg
2018-10-31 12:58:54 +0000  copying file ./assets/assets/AppIcon/sharkIcon.png ... 
2018-10-31 12:58:54 +0000  52993 bytes for ./assets/assets/AppIcon/sharkIcon.png
2018-10-31 12:58:54 +0000  copying file ./assets/assets/icons/add.png ... 
2018-10-31 12:58:54 +0000  918 bytes for ./assets/assets/icons/add.png
2018-10-31 12:58:54 +0000  copying file ./assets/assets/icons/email.png ... 
2018-10-31 12:58:54 +0000  2725 bytes for ./assets/assets/icons/email.png
2018-10-31 12:58:54 +0000  copying file ./assets/assets/icons/edit_image_icon.png ... 
2018-10-31 12:58:54 +0000  2380 bytes for ./assets/assets/icons/edit_image_icon.png
2018-10-31 12:58:54 +0000  copying file ./assets/assets/icons/upcoming_race_white.png ... 
2018-10-31 12:58:54 +0000  16489 bytes for ./assets/assets/icons/upcoming_race_white.png
2018-10-31 12:58:54 +0000  copying file ./assets/assets/icons/position.png ... 
2018-10-31 12:58:54 +0000  4044 bytes for ./assets/assets/icons/position.png
2018-10-31 12:58:54 +0000  copying file ./assets/assets/icons/lookup_runner_white.png ... 
2018-10-31 12:58:54 +0000  19776 bytes for ./assets/assets/icons/lookup_runner_white.png
2018-10-31 12:58:54 +0000  copying file ./assets/assets/icons/zip.png ... 
2018-10-31 12:58:54 +0000  6154 bytes for ./assets/assets/icons/zip.png
2018-10-31 12:58:54 +0000  copying file ./assets/assets/icons/address.png ... 
2018-10-31 12:58:54 +0000  2919 bytes for ./assets/assets/icons/address.png
2018-10-31 12:58:54 +0000  copying file ./assets/assets/icons/meters.png ... 
2018-10-31 12:58:54 +0000  720 bytes for ./assets/assets/icons/meters.png
2018-10-31 12:58:54 +0000  copying file ./assets/assets/icons/home.png ... 
2018-10-31 12:58:54 +0000  2245 bytes for ./assets/assets/icons/home.png
2018-10-31 12:58:54 +0000  copying file ./assets/assets/icons/results_white.png ... 
2018-10-31 12:58:54 +0000  19589 bytes for ./assets/assets/icons/results_white.png
2018-10-31 12:58:54 +0000  copying file ./assets/assets/icons/home_white.png ... 
2018-10-31 12:58:54 +0000  17479 bytes for ./assets/assets/icons/home_white.png
2018-10-31 12:58:54 +0000  copying file ./assets/assets/icons/logout_white.png ... 
2018-10-31 12:58:54 +0000  18003 bytes for ./assets/assets/icons/logout_white.png
2018-10-31 12:58:54 +0000  copying file ./assets/assets/icons/date.png ... 
2018-10-31 12:58:54 +0000  1420 bytes for ./assets/assets/icons/date.png
2018-10-31 12:58:54 +0000  copying file ./assets/assets/icons/remove.png ... 
2018-10-31 12:58:54 +0000  942 bytes for ./assets/assets/icons/remove.png
2018-10-31 12:58:54 +0000  copying file ./assets/assets/icons/padlock_old.png ... 
2018-10-31 12:58:54 +0000  1361 bytes for ./assets/assets/icons/padlock_old.png
2018-10-31 12:58:54 +0000  copying file ./assets/assets/icons/mobile.png ... 
2018-10-31 12:58:54 +0000  2299 bytes for ./assets/assets/icons/mobile.png
2018-10-31 12:58:54 +0000  copying file ./assets/assets/icons/location.png ... 
2018-10-31 12:58:54 +0000  2499 bytes for ./assets/assets/icons/location.png
2018-10-31 12:58:54 +0000  copying file ./assets/assets/icons/clock.png ... 
2018-10-31 12:58:54 +0000  1929 bytes for ./assets/assets/icons/clock.png
2018-10-31 12:58:54 +0000  copying file ./assets/assets/icons/schedule_race_white.png ... 
2018-10-31 12:58:54 +0000  19557 bytes for ./assets/assets/icons/schedule_race_white.png
2018-10-31 12:58:54 +0000  copying file ./assets/assets/icons/gender.png ... 
2018-10-31 12:58:54 +0000  2031 bytes for ./assets/assets/icons/gender.png
2018-10-31 12:58:54 +0000  copying file ./assets/assets/icons/setting_white.png ... 
2018-10-31 12:58:54 +0000  19101 bytes for ./assets/assets/icons/setting_white.png
2018-10-31 12:58:54 +0000  copying file ./assets/assets/QRScaner/marker.png ... 
2018-10-31 12:58:54 +0000  2239 bytes for ./assets/assets/QRScaner/marker.png
copying file ./AppIcon20x20@2x~ipad.png ... 
2018-10-31 12:58:54 +0000  5022 bytes for ./AppIcon20x20@2x~ipad.png
copying file ./Info.plist ... 
2018-10-31 12:58:54 +0000  2165 bytes for ./Info.plist
copying file ./PkgInfo ... 
2018-10-31 12:58:54 +0000  8 bytes for ./PkgInfo
copying file ./MaterialIcons.ttf ... 
2018-10-31 12:58:54 +0000  128180 bytes for ./MaterialIcons.ttf
copying file ./AppIcon76x76~ipad.png ... 
2018-10-31 12:58:54 +0000  15712 bytes for ./AppIcon76x76~ipad.png
2018-10-31 12:58:54 +0000  /usr/bin/ditto exited with 0
2018-10-31 12:58:54 +0000  Processing step: IDEDistributionEmbedProfileStep
2018-10-31 12:58:54 +0000  Processing step: IDEDistributionItemRemovalStep
2018-10-31 12:58:54 +0000  Processing step: IDEDistributionAppThinningPlistStep
2018-10-31 12:58:54 +0000  Skipping step: IDEDistributionAppThinningPlistStep because it said so
2018-10-31 12:58:54 +0000  Processing step: IDEDistributionCompileBitcodeStep
2018-10-31 12:58:54 +0000  Skipping step: IDEDistributionCompileBitcodeStep because it said so
2018-10-31 12:58:54 +0000  Processing step: IDEDistributionCodeSlimmingStep
2018-10-31 12:58:55 +0000  Processing step: IDEDistributionCopyBCSymbolMapsStep
2018-10-31 12:58:55 +0000  Running /usr/bin/ditto '-V' '/Users/user/Library/Developer/Xcode/Archives/2018-10-31/LandShark 10-31-18, 2.58 PM.xcarchive/BCSymbolMaps/B9F25AA3-A0AA-3BB0-A2A5-3A0601C4B668.bcsymbolmap' '/var/folders/60/xkprtcmx627gj488qsc834h40000gn/T/XcodeDistPipeline.NE7/Root/BCSymbolMaps/B9F25AA3-A0AA-3BB0-A2A5-3A0601C4B668.bcsymbolmap'
2018-10-31 12:58:55 +0000  >>> Copying /Users/user/Library/Developer/Xcode/Archives/2018-10-31/LandShark 10-31-18, 2.58 PM.xcarchive/BCSymbolMaps/B9F25AA3-A0AA-3BB0-A2A5-3A0601C4B668.bcsymbolmap 
2018-10-31 12:58:55 +0000  copying file ./B9F25AA3-A0AA-3BB0-A2A5-3A0601C4B668.bcsymbolmap ... 
2018-10-31 12:58:55 +0000  828138 bytes for ./B9F25AA3-A0AA-3BB0-A2A5-3A0601C4B668.bcsymbolmap
2018-10-31 12:58:55 +0000  /usr/bin/ditto exited with 0
2018-10-31 12:58:55 +0000  Running /usr/bin/ditto '-V' '/Users/user/Library/Developer/Xcode/Archives/2018-10-31/LandShark 10-31-18, 2.58 PM.xcarchive/BCSymbolMaps/179E01EB-2D98-3106-97F6-CAD2075DF0FA.bcsymbolmap' '/var/folders/60/xkprtcmx627gj488qsc834h40000gn/T/XcodeDistPipeline.NE7/Root/BCSymbolMaps/179E01EB-2D98-3106-97F6-CAD2075DF0FA.bcsymbolmap'
2018-10-31 12:58:55 +0000  >>> Copying /Users/user/Library/Developer/Xcode/Archives/2018-10-31/LandShark 10-31-18, 2.58 PM.xcarchive/BCSymbolMaps/179E01EB-2D98-3106-97F6-CAD2075DF0FA.bcsymbolmap 
2018-10-31 12:58:55 +0000  copying file ./179E01EB-2D98-3106-97F6-CAD2075DF0FA.bcsymbolmap ... 
2018-10-31 12:58:55 +0000  836126 bytes for ./179E01EB-2D98-3106-97F6-CAD2075DF0FA.bcsymbolmap
2018-10-31 12:58:55 +0000  /usr/bin/ditto exited with 0
2018-10-31 12:58:55 +0000  Processing step: IDEDistributionSymbolsStep
2018-10-31 12:58:55 +0000  Excluding symbols for LandShark.app
2018-10-31 12:58:55 +0000  Processing step: IDEDistributionCopyAppleProvidedContentStep
2018-10-31 12:58:55 +0000  Processing step: IDEDistributionAppThinningStep
2018-10-31 12:58:55 +0000  Skipping step: IDEDistributionAppThinningStep because it said so
2018-10-31 12:58:55 +0000  Processing step: IDEDistributionODRStep
2018-10-31 12:58:55 +0000  Processing step: IDEDistributionStripXattrsStep
2018-10-31 12:58:55 +0000  Running /usr/bin/xattr '-crs' '/var/folders/60/xkprtcmx627gj488qsc834h40000gn/T/XcodeDistPipeline.NE7/Root/Payload/LandShark.app'
2018-10-31 12:58:55 +0000  /usr/bin/xattr exited with 0
2018-10-31 12:58:55 +0000  Processing step: IDEDistributionCodesignStep
2018-10-31 12:58:55 +0000  Entitlements for <IDEDistributionItem: 0x7fb2138e39c0 'com.landsharksrunningclub.net.LandSharks' '<DVTFilePath:0x7fb22bfd1fc0:'/Users/user/Library/Developer/Xcode/Archives/2018-10-31/LandShark 10-31-18, 2.58 PM.xcarchive/Products/Applications/LandShark.app'>'>: {
    "application-identifier" = "57N9PCQ9TU.com.landsharksrunningclub.net.LandSharks";
    "beta-reports-active" = 1;
    "com.apple.developer.team-identifier" = 57N9PCQ9TU;
    "get-task-allow" = 0;
    "keychain-access-groups" =     (
        "57N9PCQ9TU.com.landsharksrunningclub.net.LandSharks"
    );
}
2018-10-31 12:58:55 +0000  Writing entitlements for <IDEDistributionItem: 0x7fb2138e39c0 'com.landsharksrunningclub.net.LandSharks' '<DVTFilePath:0x7fb22bfd1fc0:'/Users/user/Library/Developer/Xcode/Archives/2018-10-31/LandShark 10-31-18, 2.58 PM.xcarchive/Products/Applications/LandShark.app'>'> to: /var/folders/60/xkprtcmx627gj488qsc834h40000gn/T/XcodeDistPipeline.NE7/entitlementsljuaSS
2018-10-31 12:58:55 +0000  Running /usr/bin/codesign '-vvv' '--force' '--sign' 'BC82FF7FD877332D95E3DCD86C55E47674613809' '--entitlements' '/var/folders/60/xkprtcmx627gj488qsc834h40000gn/T/XcodeDistPipeline.NE7/entitlementsljuaSS' '--preserve-metadata=identifier,flags,runtime' '/var/folders/60/xkprtcmx627gj488qsc834h40000gn/T/XcodeDistPipeline.NE7/Root/Payload/LandShark.app'
2018-10-31 12:58:56 +0000  /var/folders/60/xkprtcmx627gj488qsc834h40000gn/T/XcodeDistPipeline.NE7/Root/Payload/LandShark.app: signed app bundle with Mach-O universal (armv7 arm64) [com.landsharksrunningclub.net.LandSharks]
2018-10-31 12:58:56 +0000  /usr/bin/codesign exited with 0
2018-10-31 12:58:56 +0000  Processing step: IDEDistributionZipODRItemStep
2018-10-31 12:58:56 +0000  Skipping step: IDEDistributionZipODRItemStep because it said so
2018-10-31 12:58:56 +0000  Processing step: IDEDistributionCreateIPAStep
2018-10-31 12:58:56 +0000  Running /usr/bin/ditto '-V' '-c' '-k' '--norsrc' '/var/folders/60/xkprtcmx627gj488qsc834h40000gn/T/XcodeDistPipeline.NE7/Root' '/var/folders/60/xkprtcmx627gj488qsc834h40000gn/T/XcodeDistPipeline.NE7/Packages/LandShark.ipa'
2018-10-31 12:58:56 +0000  >>> Copying /var/folders/60/xkprtcmx627gj488qsc834h40000gn/T/XcodeDistPipeline.NE7/Root 
2018-10-31 12:58:56 +0000  copying file ./BCSymbolMaps/179E01EB-2D98-3106-97F6-CAD2075DF0FA.bcsymbolmap ... 
2018-10-31 12:58:56 +0000  836126 bytes for ./BCSymbolMaps/179E01EB-2D98-3106-97F6-CAD2075DF0FA.bcsymbolmap
copying file ./BCSymbolMaps/B9F25AA3-A0AA-3BB0-A2A5-3A0601C4B668.bcsymbolmap ... 
2018-10-31 12:58:56 +0000  828138 bytes for ./BCSymbolMaps/B9F25AA3-A0AA-3BB0-A2A5-3A0601C4B668.bcsymbolmap
2018-10-31 12:58:56 +0000  copying file ./Payload/LandShark.app/_CodeSignature/CodeResources ... 
2018-10-31 12:58:56 +0000  22985 bytes for ./Payload/LandShark.app/_CodeSignature/CodeResources
2018-10-31 12:58:56 +0000  copying file ./Payload/LandShark.app/Octicons.ttf ... 
2018-10-31 12:58:56 +0000  27520 bytes for ./Payload/LandShark.app/Octicons.ttf
2018-10-31 12:58:56 +0000  copying file ./Payload/LandShark.app/Feather.ttf ... 
2018-10-31 12:58:56 +0000  55288 bytes for ./Payload/LandShark.app/Feather.ttf
copying file ./Payload/LandShark.app/Roboto_medium.ttf ... 
2018-10-31 12:58:56 +0000  137308 bytes for ./Payload/LandShark.app/Roboto_medium.ttf
2018-10-31 12:58:56 +0000  copying file ./Payload/LandShark.app/AppIcon20x20@2x.png ... 
2018-10-31 12:58:56 +0000  5022 bytes for ./Payload/LandShark.app/AppIcon20x20@2x.png
2018-10-31 12:58:56 +0000  copying file ./Payload/LandShark.app/Entypo.ttf ... 
2018-10-31 12:58:56 +0000  65584 bytes for ./Payload/LandShark.app/Entypo.ttf
copying file ./Payload/LandShark.app/AppIcon20x20@3x.png ... 
2018-10-31 12:58:56 +0000  10236 bytes for ./Payload/LandShark.app/AppIcon20x20@3x.png
2018-10-31 12:58:56 +0000  copying file ./Payload/LandShark.app/MaterialCommunityIcons.ttf ... 
2018-10-31 12:58:56 +0000  322456 bytes for ./Payload/LandShark.app/MaterialCommunityIcons.ttf
copying file ./Payload/LandShark.app/AppIcon60x60@2x.png ... 
2018-10-31 12:58:56 +0000  33269 bytes for ./Payload/LandShark.app/AppIcon60x60@2x.png
2018-10-31 12:58:56 +0000  copying file ./Payload/LandShark.app/AppIcon29x29@2x.png ... 
2018-10-31 12:58:56 +0000  9739 bytes for ./Payload/LandShark.app/AppIcon29x29@2x.png
2018-10-31 12:58:56 +0000  copying file ./Payload/LandShark.app/AppIcon40x40@3x.png ... 
2018-10-31 12:58:56 +0000  33269 bytes for ./Payload/LandShark.app/AppIcon40x40@3x.png
2018-10-31 12:58:56 +0000  copying file ./Payload/LandShark.app/LandShark ... 
2018-10-31 12:58:59 +0000  30473808 bytes for ./Payload/LandShark.app/LandShark
2018-10-31 12:58:59 +0000  copying file ./Payload/LandShark.app/Foundation.ttf ... 
2018-10-31 12:58:59 +0000  56976 bytes for ./Payload/LandShark.app/Foundation.ttf
2018-10-31 12:58:59 +0000  copying file ./Payload/LandShark.app/AppIcon29x29~ipad.png ... 
2018-10-31 12:58:59 +0000  2851 bytes for ./Payload/LandShark.app/AppIcon29x29~ipad.png
2018-10-31 12:58:59 +0000  copying file ./Payload/LandShark.app/Ionicons.ttf ... 
2018-10-31 12:58:59 +0000  143936 bytes for ./Payload/LandShark.app/Ionicons.ttf
2018-10-31 12:58:59 +0000  copying file ./Payload/LandShark.app/AppIcon40x40@2x.png ... 
2018-10-31 12:58:59 +0000  16997 bytes for ./Payload/LandShark.app/AppIcon40x40@2x.png
copying file ./Payload/LandShark.app/AppIcon29x29@3x.png ... 
2018-10-31 12:58:59 +0000  19408 bytes for ./Payload/LandShark.app/AppIcon29x29@3x.png
2018-10-31 12:58:59 +0000  copying file ./Payload/LandShark.app/AppIcon60x60@3x.png ... 
2018-10-31 12:58:59 +0000  64414 bytes for ./Payload/LandShark.app/AppIcon60x60@3x.png
2018-10-31 12:58:59 +0000  copying file ./Payload/LandShark.app/rubicon-icon-font.ttf ... 
2018-10-31 12:58:59 +0000  10208 bytes for ./Payload/LandShark.app/rubicon-icon-font.ttf
2018-10-31 12:58:59 +0000  copying file ./Payload/LandShark.app/Base.lproj/LaunchScreen.nib ... 
2018-10-31 12:58:59 +0000  1287 bytes for ./Payload/LandShark.app/Base.lproj/LaunchScreen.nib
2018-10-31 12:58:59 +0000  copying file ./Payload/LandShark.app/FontAwesome.ttf ... 
2018-10-31 12:58:59 +0000  165548 bytes for ./Payload/LandShark.app/FontAwesome.ttf
copying file ./Payload/LandShark.app/Zocial.ttf ... 
2018-10-31 12:58:59 +0000  25552 bytes for ./Payload/LandShark.app/Zocial.ttf
2018-10-31 12:58:59 +0000  copying file ./Payload/LandShark.app/Roboto.ttf ... 
2018-10-31 12:58:59 +0000  145348 bytes for ./Payload/LandShark.app/Roboto.ttf
copying file ./Payload/LandShark.app/Assets.car ... 
2018-10-31 12:58:59 +0000  3659400 bytes for ./Payload/LandShark.app/Assets.car
copying file ./Payload/LandShark.app/AppIcon40x40@2x~ipad.png ... 
2018-10-31 12:58:59 +0000  16997 bytes for ./Payload/LandShark.app/AppIcon40x40@2x~ipad.png
2018-10-31 12:58:59 +0000  copying file ./Payload/LandShark.app/EvilIcons.ttf ... 
2018-10-31 12:58:59 +0000  13128 bytes for ./Payload/LandShark.app/EvilIcons.ttf
2018-10-31 12:58:59 +0000  copying file ./Payload/LandShark.app/AppIcon76x76@2x~ipad.png ... 
2018-10-31 12:58:59 +0000  49060 bytes for ./Payload/LandShark.app/AppIcon76x76@2x~ipad.png
copying file ./Payload/LandShark.app/main.jsbundle ... 
2018-10-31 12:58:59 +0000  1908266 bytes for ./Payload/LandShark.app/main.jsbundle
copying file ./Payload/LandShark.app/AppIcon83.5x83.5@2x~ipad.png ... 
2018-10-31 12:58:59 +0000  57312 bytes for ./Payload/LandShark.app/AppIcon83.5x83.5@2x~ipad.png
2018-10-31 12:58:59 +0000  copying file ./Payload/LandShark.app/LaunchImage-700-568h@2x.png ... 
2018-10-31 12:58:59 +0000  14942 bytes for ./Payload/LandShark.app/LaunchImage-700-568h@2x.png
2018-10-31 12:58:59 +0000  copying file ./Payload/LandShark.app/AppIcon29x29@2x~ipad.png ... 
2018-10-31 12:58:59 +0000  9739 bytes for ./Payload/LandShark.app/AppIcon29x29@2x~ipad.png
2018-10-31 12:58:59 +0000  copying file ./Payload/LandShark.app/AppIcon40x40~ipad.png ... 
2018-10-31 12:58:59 +0000  5022 bytes for ./Payload/LandShark.app/AppIcon40x40~ipad.png
copying file ./Payload/LandShark.app/AppIcon20x20~ipad.png ... 
2018-10-31 12:58:59 +0000  1496 bytes for ./Payload/LandShark.app/AppIcon20x20~ipad.png
copying file ./Payload/LandShark.app/SimpleLineIcons.ttf ... 
2018-10-31 12:58:59 +0000  54056 bytes for ./Payload/LandShark.app/SimpleLineIcons.ttf
copying file ./Payload/LandShark.app/embedded.mobileprovision ... 
2018-10-31 12:58:59 +0000  9500 bytes for ./Payload/LandShark.app/embedded.mobileprovision
2018-10-31 12:58:59 +0000  copying file ./Payload/LandShark.app/assets/node_modules/react-navigation-stack/dist/views/assets/back-icon@3x.png ... 
2018-10-31 12:58:59 +0000  761 bytes for ./Payload/LandShark.app/assets/node_modules/react-navigation-stack/dist/views/assets/back-icon@3x.png
2018-10-31 12:58:59 +0000  copying file ./Payload/LandShark.app/assets/node_modules/react-navigation-stack/dist/views/assets/back-icon@2x.png ... 
405 bytes for ./Payload/LandShark.app/assets/node_modules/react-navigation-stack/dist/views/assets/back-icon@2x.png
2018-10-31 12:58:59 +0000  copying file ./Payload/LandShark.app/assets/node_modules/react-navigation-stack/dist/views/assets/back-icon.png ... 
290 bytes for ./Payload/LandShark.app/assets/node_modules/react-navigation-stack/dist/views/assets/back-icon.png
copying file ./Payload/LandShark.app/assets/node_modules/react-navigation-stack/dist/views/assets/back-icon-mask.png ... 
2018-10-31 12:58:59 +0000  659 bytes for ./Payload/LandShark.app/assets/node_modules/react-navigation-stack/dist/views/assets/back-icon-mask.png
2018-10-31 12:58:59 +0000  copying file ./Payload/LandShark.app/assets/assets/img/login_background.jpg ... 
2018-10-31 12:58:59 +0000  111901 bytes for ./Payload/LandShark.app/assets/assets/img/login_background.jpg
copying file ./Payload/LandShark.app/assets/assets/img/eagle.jpg ... 
2018-10-31 12:58:59 +0000  80929 bytes for ./Payload/LandShark.app/assets/assets/img/eagle.jpg
2018-10-31 12:58:59 +0000  copying file ./Payload/LandShark.app/assets/assets/AppIcon/sharkIcon.png ... 
2018-10-31 12:58:59 +0000  52993 bytes for ./Payload/LandShark.app/assets/assets/AppIcon/sharkIcon.png
2018-10-31 12:58:59 +0000  copying file ./Payload/LandShark.app/assets/assets/icons/add.png ... 
2018-10-31 12:58:59 +0000  918 bytes for ./Payload/LandShark.app/assets/assets/icons/add.png
2018-10-31 12:58:59 +0000  copying file ./Payload/LandShark.app/assets/assets/icons/email.png ... 
2018-10-31 12:58:59 +0000  2725 bytes for ./Payload/LandShark.app/assets/assets/icons/email.png
2018-10-31 12:58:59 +0000  copying file ./Payload/LandShark.app/assets/assets/icons/edit_image_icon.png ... 
2018-10-31 12:58:59 +0000  2380 bytes for ./Payload/LandShark.app/assets/assets/icons/edit_image_icon.png
2018-10-31 12:58:59 +0000  copying file ./Payload/LandShark.app/assets/assets/icons/upcoming_race_white.png ... 
2018-10-31 12:58:59 +0000  16489 bytes for ./Payload/LandShark.app/assets/assets/icons/upcoming_race_white.png
2018-10-31 12:58:59 +0000  copying file ./Payload/LandShark.app/assets/assets/icons/position.png ... 
2018-10-31 12:58:59 +0000  4044 bytes for ./Payload/LandShark.app/assets/assets/icons/position.png
2018-10-31 12:58:59 +0000  copying file ./Payload/LandShark.app/assets/assets/icons/lookup_runner_white.png ... 
2018-10-31 12:58:59 +0000  19776 bytes for ./Payload/LandShark.app/assets/assets/icons/lookup_runner_white.png
2018-10-31 12:58:59 +0000  copying file ./Payload/LandShark.app/assets/assets/icons/zip.png ... 
2018-10-31 12:58:59 +0000  6154 bytes for ./Payload/LandShark.app/assets/assets/icons/zip.png
2018-10-31 12:58:59 +0000  copying file ./Payload/LandShark.app/assets/assets/icons/address.png ... 
2018-10-31 12:58:59 +0000  2919 bytes for ./Payload/LandShark.app/assets/assets/icons/address.png
2018-10-31 12:58:59 +0000  copying file ./Payload/LandShark.app/assets/assets/icons/meters.png ... 
2018-10-31 12:58:59 +0000  720 bytes for ./Payload/LandShark.app/assets/assets/icons/meters.png
2018-10-31 12:58:59 +0000  copying file ./Payload/LandShark.app/assets/assets/icons/home.png ... 
2245 bytes for ./Payload/LandShark.app/assets/assets/icons/home.png
copying file ./Payload/LandShark.app/assets/assets/icons/results_white.png ... 
2018-10-31 12:58:59 +0000  19589 bytes for ./Payload/LandShark.app/assets/assets/icons/results_white.png
copying file ./Payload/LandShark.app/assets/assets/icons/home_white.png ... 
2018-10-31 12:58:59 +0000  17479 bytes for ./Payload/LandShark.app/assets/assets/icons/home_white.png
copying file ./Payload/LandShark.app/assets/assets/icons/logout_white.png ... 
18003 bytes for ./Payload/LandShark.app/assets/assets/icons/logout_white.png
copying file ./Payload/LandShark.app/assets/assets/icons/date.png ... 
1420 bytes for ./Payload/LandShark.app/assets/assets/icons/date.png
copying file ./Payload/LandShark.app/assets/assets/icons/remove.png ... 
942 bytes for ./Payload/LandShark.app/assets/assets/icons/remove.png
copying file ./Payload/LandShark.app/assets/assets/icons/padlock_old.png ... 
1361 bytes for ./Payload/LandShark.app/assets/assets/icons/padlock_old.png
copying file ./Payload/LandShark.app/assets/assets/icons/mobile.png ... 
2299 bytes for ./Payload/LandShark.app/assets/assets/icons/mobile.png
copying file ./Payload/LandShark.app/assets/assets/icons/location.png ... 
2499 bytes for ./Payload/LandShark.app/assets/assets/icons/location.png
copying file ./Payload/LandShark.app/assets/assets/icons/clock.png ... 
1929 bytes for ./Payload/LandShark.app/assets/assets/icons/clock.png
copying file ./Payload/LandShark.app/assets/assets/icons/schedule_race_white.png ... 
19557 bytes for ./Payload/LandShark.app/assets/assets/icons/schedule_race_white.png
copying file ./Payload/LandShark.app/assets/assets/icons/gender.png ... 
2031 bytes for ./Payload/LandShark.app/assets/assets/icons/gender.png
copying file ./Payload/LandShark.app/assets/assets/icons/setting_white.png ... 
19101 bytes for ./Payload/LandShark.app/assets/assets/icons/setting_white.png
copying file ./Payload/LandShark.app/assets/assets/QRScaner/marker.png ... 
2239 bytes for ./Payload/LandShark.app/assets/assets/QRScaner/marker.png
copying file ./Payload/LandShark.app/AppIcon20x20@2x~ipad.png ... 
5022 bytes for ./Payload/LandShark.app/AppIcon20x20@2x~ipad.png
copying file ./Payload/LandShark.app/Info.plist ... 
2165 bytes for ./Payload/LandShark.app/Info.plist
copying file ./Payload/LandShark.app/PkgInfo ... 
8 bytes for ./Payload/LandShark.app/PkgInfo
copying file ./Payload/LandShark.app/MaterialIcons.ttf ... 
2018-10-31 12:58:59 +0000  128180 bytes for ./Payload/LandShark.app/MaterialIcons.ttf
2018-10-31 12:58:59 +0000  copying file ./Payload/LandShark.app/AppIcon76x76~ipad.png ... 
2018-10-31 12:58:59 +0000  15712 bytes for ./Payload/LandShark.app/AppIcon76x76~ipad.png
2018-10-31 12:58:59 +0000  /usr/bin/ditto exited with 0
2018-10-31 12:58:59 +0000  Processing step: IDEDistributionAppStoreInformationStep
2018-10-31 12:58:59 +0000  Skipping step: IDEDistributionAppStoreInformationStep because it said so
2018-10-31 12:58:59 +0000  Processing step: IDEDistributionCreateManifestStep
2018-10-31 12:58:59 +0000  Skipping step: IDEDistributionCreateManifestStep because it said so
